OMP_NUM_THREADS=1

[====================[MNIST]=====================]
-> [Setup: 1000 samples, 10 reps]
----------------------------------------------
NR: Average time: 112.31(12.45) ms
NR_RBF: Average time: 152.48(10.70) ms
----------------------------------------------
DNR: Average time: 808.05(30.03) ms
DNR_RBF: Average time: 629.76(24.50) ms
----------------------------------------------

-> [Setup: 5000 samples, 5 reps]
----------------------------------------------
NR: Average time: 543.37(19.08) ms
NR_RBF: Average time: 770.99(26.93) ms
----------------------------------------------
DNR: Average time: 4172.02(58.52) ms
DNR_RBF: Average time: 3189.16(67.48) ms
[====================================================]


[====================[CIFAR10]=====================]
-> [Setup: 1000 samples, 10 reps]
----------------------------------------------
NR: Average time: 411.86(14.41) ms
NR_RBF: Average time: 258.26(13.28) ms
----------------------------------------------
DNR: Average time: 2810.69(134.07) ms
DNR_RBF: Average time: 959.07(17.39) ms
----------------------------------------------

-> [Setup: 5000 samples, 5 reps]
----------------------------------------------
NR: Average time: 2041.13(24.53) ms
NR_RBF: Average time: 1339.04(31.61) ms
----------------------------------------------
DNR: Average time: 13294.43(18.88) ms
DNR_RBF: Average time: 5032.39(20.43) ms
[====================================================]